Log file open, 03/17/19 11:08:05
LogWindows: Failed to load 'aqProf.dll' (GetLastError=126)
LogWindows: File 'aqProf.dll' does not exist
LogWindows: Failed to load 'VSPerf140.dll' (GetLastError=126)
LogWindows: File 'VSPerf140.dll' does not exist
LogWindows: Failed to load 'VtuneApi.dll' (GetLastError=126)
LogWindows: File 'VtuneApi.dll' does not exist
LogWindows: Failed to load 'VtuneApi32e.dll' (GetLastError=126)
LogWindows: File 'VtuneApi32e.dll' does not exist
LogInit: Display: Running engine for game: RTSProject
LogPlatformFile: Not using cached read wrapper
LogTaskGraph: Started task graph with 5 named threads and 14 total threads with 3 sets of task threads.
LogStats: Stats thread started at 0.301287
LogD3D11RHI: Loaded GFSDK_Aftermath_Lib.x64.dll
LogICUInternationalization: Display: ICU TimeZone Detection - Raw Offset: +1:00, Platform Override: ''
LogPluginManager: Mounting plugin Paper2D
LogPluginManager: Mounting plugin AISupport
LogPluginManager: Mounting plugin LightPropagationVolume
LogPluginManager: Mounting plugin CLionSourceCodeAccess
LogPluginManager: Mounting plugin CodeLiteSourceCodeAccess
LogPluginManager: Mounting plugin GitSourceControl
LogPluginManager: Mounting plugin KDevelopSourceCodeAccess
LogPluginManager: Mounting plugin NullSourceCodeAccess
LogPluginManager: Mounting plugin PerforceSourceControl
LogPluginManager: Mounting plugin SubversionSourceControl
LogPluginManager: Mounting plugin UObjectPlugin
LogPluginManager: Mounting plugin VisualStudioCodeSourceCodeAccess
LogPluginManager: Mounting plugin VisualStudioSourceCodeAccess
LogPluginManager: Mounting plugin XCodeSourceCodeAccess
LogPluginManager: Mounting plugin AssetManagerEditor
LogPluginManager: Mounting plugin CryptoKeys
LogPluginManager: Mounting plugin DataValidation
LogPluginManager: Mounting plugin FacialAnimation
LogPluginManager: Mounting plugin GameplayTagsEditor
LogPluginManager: Mounting plugin MacGraphicsSwitching
LogPluginManager: Mounting plugin MeshEditor
LogPluginManager: Mounting plugin MobileLauncherProfileWizard
LogPluginManager: Mounting plugin PluginBrowser
LogPluginManager: Mounting plugin SpeedTreeImporter
LogPluginManager: Mounting plugin DatasmithContent
LogPluginManager: Mounting plugin AlembicImporter
LogPluginManager: Mounting plugin AppleImageUtils
LogPluginManager: Mounting plugin AppleVision
LogPluginManager: Mounting plugin BackChannel
LogPluginManager: Mounting plugin CharacterAI
LogPluginManager: Mounting plugin GeometryCache
LogPluginManager: Mounting plugin HTML5Networking
LogPluginManager: Mounting plugin ProxyLODPlugin
LogPluginManager: Mounting plugin MagicLeap
LogPluginManager: Mounting plugin MagicLeapEmulator
LogPluginManager: Mounting plugin MagicLeapMedia
LogPluginManager: Mounting plugin AndroidMedia
LogPluginManager: Mounting plugin AvfMedia
LogPluginManager: Mounting plugin ImgMedia
LogPluginManager: Mounting plugin LinearTimecode
LogPluginManager: Mounting plugin MediaCompositing
LogPluginManager: Mounting plugin MediaPlayerEditor
LogPluginManager: Mounting plugin WmfMedia
LogPluginManager: Mounting plugin TcpMessaging
LogPluginManager: Mounting plugin UdpMessaging
LogPluginManager: Mounting plugin ActorSequence
LogPluginManager: Mounting plugin LevelSequenceEditor
LogPluginManager: Mounting plugin MatineeToLevelSequence
LogPluginManager: Mounting plugin NetcodeUnitTest
LogPluginManager: Mounting plugin NUTUnrealEngine4
LogPluginManager: Mounting plugin OnlineSubsystemGooglePlay
LogPluginManager: Mounting plugin OnlineSubsystemIOS
LogPluginManager: Mounting plugin OnlineSubsystem
LogPluginManager: Mounting plugin OnlineSubsystemNull
LogPluginManager: Mounting plugin OnlineSubsystemUtils
LogPluginManager: Mounting plugin LauncherChunkInstaller
LogPluginManager: Mounting plugin AndroidDeviceProfileSelector
LogPluginManager: Mounting plugin AndroidMoviePlayer
LogPluginManager: Mounting plugin AndroidPermission
LogPluginManager: Mounting plugin AppleMoviePlayer
LogPluginManager: Mounting plugin ArchVisCharacter
LogPluginManager: Mounting plugin AudioCapture
LogPluginManager: Mounting plugin CableComponent
LogPluginManager: Mounting plugin CustomMeshComponent
LogPluginManager: Mounting plugin EditableMesh
LogPluginManager: Mounting plugin ExampleDeviceProfileSelector
LogPluginManager: Mounting plugin GoogleCloudMessaging
LogPluginManager: Mounting plugin ImmediatePhysics
LogPluginManager: Mounting plugin IOSDeviceProfileSelector
LogPluginManager: Mounting plugin LinuxDeviceProfileSelector
LogPluginManager: Mounting plugin LocationServicesBPLibrary
LogPluginManager: Mounting plugin MobilePatchingUtils
LogPluginManager: Mounting plugin OculusVR
LogPluginManager: Plugin shader directory ../../../Engine/Plugins/Runtime/Oculus/OculusVR/Shaders found
LogPluginManager: Mapping shader source directory ../../../Engine/Plugins/Runtime/Oculus/OculusVR/Shaders to virtual directory /Plugin/OculusVR
LogPluginManager: Mounting plugin PhysXVehicles
LogPluginManager: Mounting plugin ProceduralMeshComponent
LogPluginManager: Mounting plugin RuntimePhysXCooking
LogPluginManager: Mounting plugin SteamVR
LogPluginManager: Mounting plugin WindowsMoviePlayer
LogStreaming: Display: Took  0.158s to configure plugins.
LogInit: Using libcurl 7.55.1-DEV
LogInit:  - built for x86_64-pc-win32
LogInit:  - supports SSL with OpenSSL/1.0.2h
LogInit:  - supports HTTP deflate (compression) using libz 1.2.8
LogInit:  - other features:
LogInit:      CURL_VERSION_SSL
LogInit:      CURL_VERSION_LIBZ
LogInit:      CURL_VERSION_IPV6
LogInit:      CURL_VERSION_ASYNCHDNS
LogInit:      CURL_VERSION_LARGEFILE
LogInit:      CURL_VERSION_IDN
LogInit:  CurlRequestOptions (configurable via config and command line):
LogInit:  - bVerifyPeer = false  - Libcurl will NOT verify peer certificate
LogInit:  - bUseHttpProxy = false  - Libcurl will NOT use HTTP proxy
LogInit:  - bDontReuseConnections = false  - Libcurl will reuse connections
LogInit:  - CertBundlePath = nullptr  - Libcurl will use whatever was configured at build time.
LogInit:  - MaxHostConnections = 16  - Libcurl will limit the number of connections to a host
LogInit:  - LocalHostAddr = Default
LogInit:  - BufferSize = 65536
LogInit: WinSock: version 1.1 (2.2), MaxSocks=32767, MaxUdp=65467
LogInit: Build: ++UE4+Release-4.20-CL-4233996
LogInit: Engine Version: 4.20.1-4233996+++UE4+Release-4.20
LogInit: Compatible Engine Version: 4.20.0-4212847+++UE4+Release-4.20
LogInit: Net CL: 4212847
LogInit: OS: Windows 10 (), CPU: Intel(R) Core(TM) i5-6600K CPU @ 3.50GHz, GPU: NVIDIA GeForce GTX 1060 6GB
LogInit: Compiled (64-bit): Jul 26 2018 10:07:30
LogInit: Compiled with Visual C++: 19.13.26129.00
LogInit: Build Configuration: Development
LogInit: Branch Name: ++UE4+Release-4.20
LogInit: Command Line:  -skipcompile
LogInit: Base Directory: C:/Program Files/Epic Games/UE_4.20/Engine/Binaries/Win64/
LogInit: Installed Engine Build: 1
LogDevObjectVersion: Number of dev versions registered: 20
LogDevObjectVersion:   Dev-Blueprints (B0D832E4-1F89-4F0D-ACCF-7EB736FD4AA2): 10
LogDevObjectVersion:   Dev-Build (E1C64328-A22C-4D53-A36C-8E866417BD8C): 0
LogDevObjectVersion:   Dev-Core (375EC13C-06E4-48FB-B500-84F0262A717E): 2
LogDevObjectVersion:   Dev-Editor (E4B068ED-F494-42E9-A231-DA0B2E46BB41): 24
LogDevObjectVersion:   Dev-Framework (CFFC743F-43B0-4480-9391-14DF171D2073): 34
LogDevObjectVersion:   Dev-Mobile (B02B49B5-BB20-44E9-A304-32B752E40360): 2
LogDevObjectVersion:   Dev-Networking (A4E4105C-59A1-49B5-A7C5-40C4547EDFEE): 0
LogDevObjectVersion:   Dev-Online (39C831C9-5AE6-47DC-9A44-9C173E1C8E7C): 0
LogDevObjectVersion:   Dev-Physics (78F01B33-EBEA-4F98-B9B4-84EACCB95AA2): 0
LogDevObjectVersion:   Dev-Platform (6631380F-2D4D-43E0-8009-CF276956A95A): 0
LogDevObjectVersion:   Dev-Rendering (12F88B9F-8875-4AFC-A67C-D90C383ABD29): 26
LogDevObjectVersion:   Dev-Sequencer (7B5AE74C-D270-4C10-A958-57980B212A5A): 9
LogDevObjectVersion:   Dev-VR (D7296918-1DD6-4BDD-9DE2-64A83CC13884): 2
LogDevObjectVersion:   Dev-LoadTimes (C2A15278-BFE7-4AFE-6C17-90FF531DF755): 1
LogDevObjectVersion:   Private-Geometry (6EACA3D4-40EC-4CC1-B786-8BED09428FC5): 3
LogDevObjectVersion:   Dev-AnimPhys (29E575DD-E0A3-4627-9D10-D276232CDCEA): 17
LogDevObjectVersion:   Dev-ReflectionCapture (6B266CEC-1EC7-4B8F-A30B-E4D90942FC07): 1
LogDevObjectVersion:   Dev-Automation (0DF73D61-A23F-47EA-B727-89E90C41499A): 1
LogDevObjectVersion:   FortniteMain (601D1886-AC64-4F84-AA16-D3DE0DEAC7D6): 12
LogDevObjectVersion:   Dev-Enterprise (9DFFBCD6-494F-0158-E221-12823C92A888): 1
LogStreaming: Display: Took  0.004s to delete old logs.
LogInit: Presizing for max 8388607 objects, including 0 objects not considered by GC, pre-allocating 0 bytes for permanent pool.
LogInit: Object subsystem initialized
[2019.03.17-10.08.05:607][  0]LogInit: Selected Device Profile: [Windows]
[2019.03.17-10.08.05:607][  0]LogInit: Applying CVar settings loaded from the selected device profile: [Windows]
[2019.03.17-10.08.05:617][  0]LogHAL: Display: Platform has ~ 16 GB [17136558080 / 17179869184 / 16], which maps to Larger [LargestMinGB=32, LargerMinGB=12, DefaultMinGB=8, SmallerMinGB=6, SmallestMinGB=0)
[2019.03.17-10.08.05:617][  0]LogInit: Setting Device Profile CVar: [[r.Vulkan.UseRealUBs:1]]
[2019.03.17-10.08.05:617][  0]LogInit: Going up to parent DeviceProfile []
[2019.03.17-10.08.05:618][  0]LogInit: Computer: DESKTOP-91AAD0G
[2019.03.17-10.08.05:618][  0]LogInit: User: derek
[2019.03.17-10.08.05:618][  0]LogInit: CPU Page size=4096, Cores=4
[2019.03.17-10.08.05:618][  0]LogInit: High frequency timer resolution =3.421882 MHz
[2019.03.17-10.08.05:618][  0]LogMemory: Memory total: Physical=16.0GB (16GB approx)
[2019.03.17-10.08.05:618][  0]LogMemory: Platform Memory Stats for Windows
[2019.03.17-10.08.05:619][  0]LogMemory: Process Physical Memory: 100.73 MB used, 100.73 MB peak
[2019.03.17-10.08.05:619][  0]LogMemory: Process Virtual Memory: 89.05 MB used, 89.05 MB peak
[2019.03.17-10.08.05:619][  0]LogMemory: Physical Memory: 5762.96 MB used,  10579.73 MB free, 16342.70 MB total
[2019.03.17-10.08.05:619][  0]LogMemory: Virtual Memory: 4624.89 MB used,  10579.73 MB free, 134217728.00 MB total
[2019.03.17-10.08.05:733][  0]LogInit: Using OS detected language (en-US).
[2019.03.17-10.08.05:733][  0]LogInit: Using OS detected locale (es-ES).
[2019.03.17-10.08.05:734][  0]LogTextLocalizationManager: No specific localization for 'en-US' exists, so the 'en' localization will be used.
[2019.03.17-10.08.06:072][  0]LogStreaming: Display: Took  0.339s to InitEngineTextLocalization.
[2019.03.17-10.08.06:072][  0]LogInit: Setting process to per monitor DPI aware
[2019.03.17-10.08.06:123][  0]LogSlate: New Slate User Created.  User Index 0, Is Virtual User: 0
[2019.03.17-10.08.06:123][  0]LogSlate: Slate User Registered.  User Index 0, Is Virtual User: 0
[2019.03.17-10.08.06:307][  0]LogHMD: Failed to initialize OpenVR with code 110
[2019.03.17-10.08.06:307][  0]LogD3D11RHI: D3D11 adapters:
[2019.03.17-10.08.06:382][  0]LogD3D11RHI:    0. 'NVIDIA GeForce GTX 1060 6GB' (Feature Level 11_0)
[2019.03.17-10.08.06:382][  0]LogD3D11RHI:       6052/0/8171 MB DedicatedVideo/DedicatedSystem/SharedSystem, Outputs:1, VendorId:0x10de
[2019.03.17-10.08.06:389][  0]LogD3D11RHI:    1. 'Microsoft Basic Render Driver' (Feature Level 11_0)
[2019.03.17-10.08.06:389][  0]LogD3D11RHI:       0/0/8171 MB DedicatedVideo/DedicatedSystem/SharedSystem, Outputs:0, VendorId:0x1414
[2019.03.17-10.08.06:389][  0]LogD3D11RHI: Chosen D3D11 Adapter: 0
[2019.03.17-10.08.06:395][  0]LogD3D11RHI: Creating new Direct3DDevice
[2019.03.17-10.08.06:396][  0]LogD3D11RHI:     GPU DeviceId: 0x1c03 (for the marketing name, search the web for "GPU Device Id")
[2019.03.17-10.08.06:396][  0]LogWindows: EnumDisplayDevices:
[2019.03.17-10.08.06:396][  0]LogWindows:    0. 'NVIDIA GeForce GTX 1060 6GB' (P:1 D:1)
[2019.03.17-10.08.06:396][  0]LogWindows:    1. 'NVIDIA GeForce GTX 1060 6GB' (P:0 D:0)
[2019.03.17-10.08.06:396][  0]LogWindows:    2. 'NVIDIA GeForce GTX 1060 6GB' (P:0 D:0)
[2019.03.17-10.08.06:397][  0]LogWindows:    3. 'NVIDIA GeForce GTX 1060 6GB' (P:0 D:0)
[2019.03.17-10.08.06:397][  0]LogWindows: DebugString: FoundDriverCount:4 
[2019.03.17-10.08.06:397][  0]LogD3D11RHI:     Adapter Name: NVIDIA GeForce GTX 1060 6GB
[2019.03.17-10.08.06:397][  0]LogD3D11RHI:   Driver Version: 417.01 (internal:25.21.14.1701, unified:417.01)
[2019.03.17-10.08.06:397][  0]LogD3D11RHI:      Driver Date: 11-15-2018
[2019.03.17-10.08.06:397][  0]LogRHI: Texture pool is 4236 MB (70% of 6052 MB)
[2019.03.17-10.08.06:437][  0]LogD3D11RHI: Async texture creation enabled
[2019.03.17-10.08.06:454][  0]LogD3D11RHI: GPU Timing Frequency: 1000.000000 (Debug: 2 2)
[2019.03.17-10.08.06:501][  0]LogD3D11RHI: HDR output is supported on display 0 (NvId: 0x80061083).
[2019.03.17-10.08.06:502][  0]LogShaderCompilers: Guid format shader working directory is -24 characters bigger than the processId version (../../../../../../Users/derek/Desktop/GAME_DEV/RTS_Project/RTSProject/Intermediate/Shaders/WorkingDirectory/11792/).
[2019.03.17-10.08.06:502][  0]LogShaderCompilers: Cleaned the shader compiler working directory 'C:/Users/derek/AppData/Local/Temp/UnrealShaderWorkingDir/43801BF24028281FF2B749AE96112A95/'.
[2019.03.17-10.08.06:772][  0]LogTemp: Display: Loaded TP AllDesktopTargetPlatform
[2019.03.17-10.08.06:791][  0]LogTemp: Display: Loaded TP MacClientTargetPlatform
[2019.03.17-10.08.06:810][  0]LogTemp: Display: Loaded TP MacNoEditorTargetPlatform
[2019.03.17-10.08.06:828][  0]LogTemp: Display: Loaded TP MacServerTargetPlatform
[2019.03.17-10.08.06:848][  0]LogTemp: Display: Loaded TP MacTargetPlatform
[2019.03.17-10.08.06:869][  0]LogTemp: Display: Loaded TP WindowsClientTargetPlatform
[2019.03.17-10.08.06:888][  0]LogTemp: Display: Loaded TP WindowsNoEditorTargetPlatform
[2019.03.17-10.08.06:909][  0]LogTemp: Display: Loaded TP WindowsServerTargetPlatform
[2019.03.17-10.08.06:922][  0]LogTemp: Display: Loaded TP WindowsTargetPlatform
[2019.03.17-10.08.06:999][  0]LogTemp: Display: Loaded TP AndroidTargetPlatform
[2019.03.17-10.08.06:999][  0]LogTemp: Display: Loaded TP AndroidTargetPlatform
[2019.03.17-10.08.06:999][  0]LogTemp: Display: Loaded TP AndroidTargetPlatform
[2019.03.17-10.08.06:999][  0]LogTemp: Display: Loaded TP AndroidTargetPlatform
[2019.03.17-10.08.06:999][  0]LogTemp: Display: Loaded TP AndroidTargetPlatform
[2019.03.17-10.08.06:999][  0]LogTemp: Display: Loaded TP AndroidTargetPlatform
[2019.03.17-10.08.06:999][  0]LogTemp: Display: Loaded TP AndroidTargetPlatform
[2019.03.17-10.08.06:999][  0]LogTemp: Display: Loaded TP AndroidTargetPlatform
[2019.03.17-10.08.06:999][  0]LogTemp: Display: Loaded TP AndroidTargetPlatform
[2019.03.17-10.08.06:999][  0]LogTemp: Display: Loaded TP AndroidTargetPlatform
[2019.03.17-10.08.06:999][  0]LogTemp: Display: Loaded TP AndroidTargetPlatform
[2019.03.17-10.08.06:999][  0]LogTemp: Display: Loaded TP AndroidTargetPlatform
[2019.03.17-10.08.06:999][  0]LogTemp: Display: Loaded TP AndroidTargetPlatform
[2019.03.17-10.08.06:999][  0]LogTemp: Display: Loaded TP AndroidTargetPlatform
[2019.03.17-10.08.06:999][  0]LogTemp: Display: Loaded TP AndroidTargetPlatform
[2019.03.17-10.08.07:000][  0]LogTemp: Display: Loaded TP AndroidTargetPlatform
[2019.03.17-10.08.07:000][  0]LogTemp: Display: Loaded TP AndroidTargetPlatform
[2019.03.17-10.08.07:000][  0]LogTemp: Display: Loaded TP AndroidTargetPlatform
[2019.03.17-10.08.07:006][  0]LogTemp: Display: Loaded TP HTML5TargetPlatform
[2019.03.17-10.08.07:085][  0]LogTemp: Display: Loaded TP IOSTargetPlatform
[2019.03.17-10.08.07:085][  0]LogTemp: Display: Loaded TP IOSTargetPlatform
[2019.03.17-10.08.07:114][  0]LogTemp: Display: Loaded TP TVOSTargetPlatform
[2019.03.17-10.08.07:114][  0]LogTemp: Display: Loaded TP TVOSTargetPlatform
[2019.03.17-10.08.07:131][  0]LogTemp: Display: Loaded TP LinuxClientTargetPlatform
[2019.03.17-10.08.07:146][  0]LogTemp: Display: Loaded TP LinuxNoEditorTargetPlatform
[2019.03.17-10.08.07:162][  0]LogTemp: Display: Loaded TP LinuxServerTargetPlatform
[2019.03.17-10.08.07:179][  0]LogTemp: Display: Loaded TP LinuxTargetPlatform
[2019.03.17-10.08.07:193][  0]LogTemp: Display: Loaded TP LuminTargetPlatform
[2019.03.17-10.08.07:193][  0]LogTargetPlatformManager: Display: Building Assets For Windows
[2019.03.17-10.08.07:398][  0]LogXGEController: Cleaning working directory: C:/Users/derek/AppData/Local/Temp/UnrealXGEWorkingDir/
[2019.03.17-10.08.07:398][  0]LogXGEController: Cannot use XGE Controller as Incredibuild is not installed on this machine.
[2019.03.17-10.08.07:398][  0]LogShaderCompilers: Cannot use XGE Shader Compiler as Incredibuild is not installed on this machine.
[2019.03.17-10.08.07:398][  0]LogShaderCompilers: Display: Using Local Shader Compiler.
[2019.03.17-10.08.08:129][  0]LogDerivedDataCache: Display: Max Cache Size: 512 MB
[2019.03.17-10.08.08:185][  0]LogDerivedDataCache: Loaded boot cache 0.06s 71MB C:/Users/derek/AppData/Local/UnrealEngine/4.20/DerivedDataCache/Boot.ddc.
[2019.03.17-10.08.08:185][  0]LogDerivedDataCache: Display: Loaded Boot cache: C:/Users/derek/AppData/Local/UnrealEngine/4.20/DerivedDataCache/Boot.ddc
[2019.03.17-10.08.08:186][  0]LogDerivedDataCache: FDerivedDataBackendGraph:  Pak pak cache file ../../../../../../Users/derek/Desktop/GAME_DEV/RTS_Project/RTSProject/DerivedDataCache/DDC.ddp not found, will not use a pak cache.
[2019.03.17-10.08.08:186][  0]LogDerivedDataCache: Unable to find inner node Pak for hierarchical cache Hierarchy.
[2019.03.17-10.08.08:186][  0]LogDerivedDataCache: FDerivedDataBackendGraph:  CompressedPak pak cache file ../../../../../../Users/derek/Desktop/GAME_DEV/RTS_Project/RTSProject/DerivedDataCache/Compressed.ddp not found, will not use a pak cache.
[2019.03.17-10.08.08:186][  0]LogDerivedDataCache: Unable to find inner node CompressedPak for hierarchical cache Hierarchy.
[2019.03.17-10.08.08:199][  0]LogDerivedDataCache: Display: Pak cache opened for reading ../../../Engine/DerivedDataCache/Compressed.ddp.
[2019.03.17-10.08.08:212][  0]LogDerivedDataCache: Using Local data cache path C:/Users/derek/AppData/Local/UnrealEngine/Common/DerivedDataCache: Writable
[2019.03.17-10.08.08:212][  0]LogDerivedDataCache: Shared data cache path not found in *engine.ini, will not use an Shared cache.
[2019.03.17-10.08.08:212][  0]LogDerivedDataCache: Unable to find inner node Shared for hierarchical cache Hierarchy.
[2019.03.17-10.08.08:231][  0]LogMaterial: Verifying Global Shaders for PCD3D_SM5
[2019.03.17-10.08.08:232][  0]LogSlate: Using FreeType 2.6.0
[2019.03.17-10.08.08:233][  0]LogSlate: SlateFontServices - WITH_FREETYPE: 1, WITH_HARFBUZZ: 1
[2019.03.17-10.08.08:310][  0]LogAssetRegistry: FAssetRegistry took 0.0279 seconds to start up
[2019.03.17-10.08.08:619][  0]LogInit: Selected Device Profile: [Windows]
[2019.03.17-10.08.08:796][  0]LogSimplygon: Simplygon DLL not present - disabling.
[2019.03.17-10.08.08:816][  0]LogMeshReduction: Using SimplygonSwarm for distributed automatic mesh merging
[2019.03.17-10.08.08:816][  0]LogMeshReduction: Using ProxyLODMeshReduction for automatic mesh merging
[2019.03.17-10.08.08:816][  0]LogMeshReduction: Using QuadricMeshReduction for automatic static mesh reduction
[2019.03.17-10.08.08:816][  0]LogMeshReduction: No automatic skeletal mesh reduction module available
[2019.03.17-10.08.08:830][  0]LogNetVersion: RTSProject 1.0.0, NetCL: 4212847, EngineNetVer: 5, GameNetVer: 0 (Checksum: 3543769742)
[2019.03.17-10.08.09:319][  0]LogPackageLocalizationCache: Processed 11 localized package path(s) for 2 prioritized culture(s) in 0.102536 seconds
[2019.03.17-10.08.09:325][  0]LogUObjectArray: 38425 objects as part of root set at end of initial load.
[2019.03.17-10.08.09:325][  0]LogUObjectAllocator: 6690872 out of 0 bytes used by permanent object pool.
[2019.03.17-10.08.09:325][  0]LogUObjectArray: CloseDisregardForGC: 0/0 objects in disregard for GC pool
[2019.03.17-10.08.10:467][  0]LogTcpMessaging: Initializing TcpMessaging bridge
[2019.03.17-10.08.10:486][  0]LogUdpMessaging: Initializing bridge on interface 0.0.0.0:0 to multicast group 230.0.0.1:6666.
[2019.03.17-10.08.10:747][  0]SourceControl: Source control is disabled
[2019.03.17-10.08.10:747][  0]SourceControl: Source control is disabled
[2019.03.17-10.08.10:760][  0]SourceControl: Source control is disabled
[2019.03.17-10.08.10:766][  0]SourceControl: Source control is disabled
[2019.03.17-10.08.11:163][  0]LogAndroidPermission: UAndroidPermissionCallbackProxy::GetInstance
[2019.03.17-10.08.11:322][  0]LogOcInput: OculusInput pre-init called
[2019.03.17-10.08.11:404][  0]LogEngine: Initializing Engine...
[2019.03.17-10.08.11:405][  0]LogHMD: Failed to initialize OpenVR with code 110
[2019.03.17-10.08.11:406][  0]LogStats: UGameplayTagsManager::ConstructGameplayTagTree: ImportINI prefixes -  0.000 s
[2019.03.17-10.08.11:406][  0]LogStats: UGameplayTagsManager::ConstructGameplayTagTree: Construct from data asset -  0.000 s
[2019.03.17-10.08.11:406][  0]LogStats: UGameplayTagsManager::ConstructGameplayTagTree: ImportINI -  0.000 s
[2019.03.17-10.08.11:406][  0]LogStats: UGameplayTagsManager::ConstructGameplayTagTree: GameplayTagTreeChangedEvent.Broadcast -  0.000 s
[2019.03.17-10.08.11:595][  0]LogInit: Initializing FReadOnlyCVARCache
[2019.03.17-10.08.11:621][  0]LogAIModule: Creating AISystem for world Untitled
[2019.03.17-10.08.11:635][  0]LogInit: XAudio2 using 'Philips FTV (NVIDIA High Definition Audio)' : 2 channels at 48 kHz using 16 bits per sample (channel mask 0x3)
[2019.03.17-10.08.11:674][  0]LogInit: FAudioDevice initialized.
[2019.03.17-10.08.11:674][  0]LogNetVersion: Set ProjectVersion to 1.0.0.0. Version Checksum will be recalculated on next use.
[2019.03.17-10.08.11:870][  0]LogDerivedDataCache: Saved boot cache 0.20s 71MB C:/Users/derek/AppData/Local/UnrealEngine/4.20/DerivedDataCache/Boot.ddc.
[2019.03.17-10.08.11:877][  0]LogInit: Texture streaming: Enabled
[2019.03.17-10.08.11:925][  0]LogEngineSessionManager: EngineSessionManager initialized
[2019.03.17-10.08.11:925][  0]LogEngineSessionManager: EngineSessionManager sent abnormal shutdown report. Type=Debugger, SessionId={F6789BCE-4C06-C5CB-96EF-2AA6A8E9B3A7}
[2019.03.17-10.08.11:944][  0]LogInit: Transaction tracking system initialized
[2019.03.17-10.08.12:016][  0]BlueprintLog: New page: Editor Load
[2019.03.17-10.08.12:277][  0]LocalizationService: Localization service is disabled
[2019.03.17-10.08.12:638][  0]LogCook: Display: Max memory allowance for cook 16384mb min free memory 0mb
[2019.03.17-10.08.12:638][  0]LogCook: Display: Mobile HDR setting 1
[2019.03.17-10.08.12:638][  0]LogGameplayTags: Display: UGameplayTagsManager::DoneAddingNativeTags. DelegateIsBound: 0
[2019.03.17-10.08.12:638][  0]LogStats: UGameplayTagsManager::ConstructGameplayTagTree: ImportINI prefixes -  0.000 s
[2019.03.17-10.08.12:639][  0]LogStats: UGameplayTagsManager::ConstructGameplayTagTree: Construct from data asset -  0.000 s
[2019.03.17-10.08.12:639][  0]LogStats: UGameplayTagsManager::ConstructGameplayTagTree: ImportINI -  0.000 s
[2019.03.17-10.08.12:639][  0]LogStats: UGameplayTagsManager::ConstructGameplayTagTree: GameplayTagTreeChangedEvent.Broadcast -  0.000 s
[2019.03.17-10.08.12:937][  0]LogFileCache: Scanning file cache for directory 'C:/Users/derek/Desktop/GAME_DEV/RTS_Project/RTSProject/Content/' took 0.01s
[2019.03.17-10.08.12:937][  0]SourceControl: Source control is disabled
[2019.03.17-10.08.12:937][  0]Cmd: MAP LOAD FILE="../../../Engine/Content/Maps/Templates/Template_Default.umap" TEMPLATE=1 SHOWPROGRESS=1 FEATURELEVEL=3
[2019.03.17-10.08.12:938][  0]LightingResults: New page: Lighting Build
[2019.03.17-10.08.12:942][  0]MapCheck: New page: Map Check
[2019.03.17-10.08.12:942][  0]LightingResults: New page: Lighting Build
[2019.03.17-10.08.13:131][  0]LogAIModule: Creating AISystem for world Untitled_1
[2019.03.17-10.08.13:140][  0]LogEditorServer: Finished looking for orphan Actors (0.000 secs)
[2019.03.17-10.08.13:162][  0]Cmd: MAP CHECKDEP NOCLEARLOG
[2019.03.17-10.08.13:239][  0]MapCheck: Map check complete: 0 Error(s), 0 Warning(s), took 76,868ms to complete.
[2019.03.17-10.08.13:240][  0]LogFileHelpers: Loading map 'Template_Default' took 0.301
[2019.03.17-10.08.13:378][  0]LogSlate: Updating window title bar state: overlay mode, drag disabled, window buttons hidden, title bar hidden
[2019.03.17-10.08.13:386][  0]LogSlate: Updating window title bar state: overlay mode, drag disabled, window buttons hidden, title bar hidden
[2019.03.17-10.08.13:393][  0]LogSlate: Updating window title bar state: overlay mode, drag disabled, window buttons hidden, title bar hidden
[2019.03.17-10.08.13:400][  0]LogSlate: Updating window title bar state: overlay mode, drag disabled, window buttons hidden, title bar hidden
[2019.03.17-10.08.13:430][  0]LogCollectionManager: Loaded 0 collections in 0.004422 seconds
[2019.03.17-10.08.13:482][  0]LogFileCache: Scanning file cache for directory 'C:/Users/derek/Desktop/GAME_DEV/RTS_Project/RTSProject/Saved/Collections/' took 0.01s
[2019.03.17-10.08.13:482][  0]LogFileCache: Scanning file cache for directory 'C:/Users/derek/Desktop/GAME_DEV/RTS_Project/RTSProject/Content/Developers/derek/Collections/' took 0.01s
[2019.03.17-10.08.13:482][  0]LogFileCache: Scanning file cache for directory 'C:/Users/derek/Desktop/GAME_DEV/RTS_Project/RTSProject/Content/Collections/' took 0.01s
[2019.03.17-10.08.13:482][  0]LogCollectionManager: Rebuilt the GUID cache for 0 collections in 0.000000 seconds
[2019.03.17-10.08.13:491][  0]LogContentBrowser: Native class hierarchy populated in 0.0091 seconds. Added 2576 classes and 608 folders.
[2019.03.17-10.08.13:501][  0]LogContentBrowser: Native class hierarchy updated for 'WidgetCarousel' in 0.0004 seconds. Added 0 classes and 0 folders.
[2019.03.17-10.08.13:559][  0]LogContentBrowser: Native class hierarchy updated for 'AddContentDialog' in 0.0005 seconds. Added 0 classes and 0 folders.
[2019.03.17-10.08.13:658][  0]LogContentBrowser: Native class hierarchy updated for 'HierarchicalLODOutliner' in 0.0007 seconds. Added 0 classes and 0 folders.
[2019.03.17-10.08.13:658][  0]LogLoad: (Engine Initialization) Total time: 10.39 seconds
[2019.03.17-10.08.13:658][  0]LogLoad: (Engine Initialization) Total Blueprint compile time: 0.00 seconds
[2019.03.17-10.08.13:669][  0]LogWindowsTextInputMethodSystem: Display: IME system now deactivated.
[2019.03.17-10.08.13:689][  0]LogContentStreaming: Texture pool size now 3000 MB
[2019.03.17-10.08.13:691][  0]LogSlate: Took 0.000224 seconds to synchronously load lazily loaded font '../../../Engine/Content/Slate/Fonts/Roboto-Regular.ttf' (155K)
[2019.03.17-10.08.13:694][  0]LogSlate: Took 0.000187 seconds to synchronously load lazily loaded font '../../../Engine/Content/Slate/Fonts/Roboto-Bold.ttf' (160K)
[2019.03.17-10.08.13:698][  0]LogSlate: Took 0.000241 seconds to synchronously load lazily loaded font '../../../Engine/Content/Editor/Slate/Fonts/FontAwesome.ttf' (139K)
[2019.03.17-10.08.13:815][  1]LogRenderer: Reallocating scene render targets to support 820x308 Format 10 NumSamples 1 (Frame:1).
[2019.03.17-10.08.13:815][  1]LogAssetRegistry: Asset discovery search completed in 5.5294 seconds
[2019.03.17-10.08.13:817][  1]LogCollectionManager: Rebuilt the object cache for 0 collections in 0.000000 seconds (found 0 objects)
[2019.03.17-10.08.13:817][  1]LogCollectionManager: Fixed up redirectors for 0 collections in 0.000209 seconds (updated 0 objects)
[2019.03.17-10.08.17:218][378]LogSlate: FSceneViewport::OnFocusLost() reason 0
[2019.03.17-10.08.17:360][389]LogRenderer: Reallocating scene render targets to support 1416x568 Format 10 NumSamples 1 (Frame:380).
[2019.03.17-10.08.18:626][521]LogSlate: Took 0.000202 seconds to synchronously load lazily loaded font '../../../Engine/Content/Slate/Fonts/Roboto-Light.ttf' (167K)
[2019.03.17-10.08.18:747][521]LogAIModule: Creating AISystem for world TestMap
[2019.03.17-10.08.18:756][521]LogAssetEditorManager: Opening Asset editor for World /Game/TestMap.TestMap
[2019.03.17-10.08.18:778][521]Cmd: MAP LOAD FILE="../../../../../../Users/derek/Desktop/GAME_DEV/RTS_Project/RTSProject/Content/TestMap.umap" TEMPLATE=0 SHOWPROGRESS=1 FEATURELEVEL=3
[2019.03.17-10.08.18:778][521]LightingResults: New page: Lighting Build
[2019.03.17-10.08.18:779][521]LoadErrors: New page: Loading map: TestMap.umap
[2019.03.17-10.08.18:779][521]MapCheck: New page: Map Check
[2019.03.17-10.08.18:780][521]LightingResults: New page: Lighting Build
[2019.03.17-10.08.18:855][521]LogEditorServer: Finished looking for orphan Actors (0.000 secs)
[2019.03.17-10.08.18:893][521]Cmd: MAP CHECKDEP NOCLEARLOG
[2019.03.17-10.08.18:977][521]MapCheck: Map check complete: 0 Error(s), 0 Warning(s), took 84,537ms to complete.
[2019.03.17-10.08.18:978][521]LogFileHelpers: Loading map 'TestMap' took 0.202
[2019.03.17-10.08.20:131][636]LogTemp: Repeating last play command: Selected Viewport
[2019.03.17-10.08.20:142][636]LogPlayLevel: PlayLevel: No blueprints needed recompiling
[2019.03.17-10.08.20:156][636]PIE: New page: PIE session: TestMap (17/3/2019 12:08:20)
[2019.03.17-10.08.20:157][636]LogPlayLevel: Creating play world package: /Game/UEDPIE_0_TestMap
[2019.03.17-10.08.20:162][636]LogPlayLevel: PIE: StaticDuplicateObject took: (0.004950s)
[2019.03.17-10.08.20:162][636]LogAIModule: Creating AISystem for world TestMap
[2019.03.17-10.08.20:163][636]LogPlayLevel: PIE: World Init took: (0.000923s)
[2019.03.17-10.08.20:163][636]LogPlayLevel: PIE: Created PIE world by copying editor world from /Game/TestMap.TestMap to /Game/UEDPIE_0_TestMap.TestMap (0.006346s)
[2019.03.17-10.08.20:190][636]LogInit: XAudio2 using 'Philips FTV (NVIDIA High Definition Audio)' : 2 channels at 48 kHz using 16 bits per sample (channel mask 0x3)
[2019.03.17-10.08.20:201][636]LogInit: FAudioDevice initialized.
[2019.03.17-10.08.20:247][636]LogLoad: Game class is 'GameModeBase'
[2019.03.17-10.08.20:250][636]LogWorld: Bringing World /Game/UEDPIE_0_TestMap.TestMap up for play (max tick rate 0) at 2019.03.17-11.08.20
[2019.03.17-10.08.20:251][636]LogWorld: Bringing up level for play took: 0.002673
[2019.03.17-10.08.20:273][636]LogContentBrowser: Native class hierarchy updated for 'MovieSceneCapture' in 0.0005 seconds. Added 10 classes and 0 folders.
[2019.03.17-10.08.20:274][636]PIE: Play in editor start time for /Game/UEDPIE_0_TestMap 1,119
[2019.03.17-10.08.50:623][272]LogSlate: Updating window title bar state: overlay mode, drag disabled, window buttons hidden, title bar hidden
[2019.03.17-10.08.50:664][272]LogPlayLevel: Display: Shutting down PIE online subsystems
[2019.03.17-10.08.50:688][272]LogSlate: Updating window title bar state: overlay mode, drag disabled, window buttons hidden, title bar hidden
[2019.03.17-10.08.50:729][274]LogPlayLevel: Display: Destroying online subsystem :Context_3
[2019.03.17-10.08.52:940][525]LogSlate: FSceneViewport::OnFocusLost() reason 0
[2019.03.17-10.08.59:837][301]LogTemp: Repeating last play command: Selected Viewport
[2019.03.17-10.08.59:849][301]LogPlayLevel: PlayLevel: No blueprints needed recompiling
[2019.03.17-10.08.59:849][301]PIE: New page: PIE session: TestMap (17/3/2019 12:08:59)
[2019.03.17-10.08.59:849][301]LogPlayLevel: Creating play world package: /Game/UEDPIE_0_TestMap
[2019.03.17-10.08.59:853][301]LogPlayLevel: PIE: StaticDuplicateObject took: (0.004043s)
[2019.03.17-10.08.59:854][301]LogAIModule: Creating AISystem for world TestMap
[2019.03.17-10.08.59:854][301]LogPlayLevel: PIE: World Init took: (0.000876s)
[2019.03.17-10.08.59:855][301]LogPlayLevel: PIE: Created PIE world by copying editor world from /Game/TestMap.TestMap to /Game/UEDPIE_0_TestMap.TestMap (0.005343s)
[2019.03.17-10.08.59:881][301]LogInit: XAudio2 using 'Philips FTV (NVIDIA High Definition Audio)' : 2 channels at 48 kHz using 16 bits per sample (channel mask 0x3)
[2019.03.17-10.08.59:892][301]LogInit: FAudioDevice initialized.
[2019.03.17-10.08.59:932][301]LogLoad: Game class is 'GameModeBase'
[2019.03.17-10.08.59:934][301]LogWorld: Bringing World /Game/UEDPIE_0_TestMap.TestMap up for play (max tick rate 0) at 2019.03.17-11.08.59
[2019.03.17-10.08.59:935][301]LogWorld: Bringing up level for play took: 0.002061
[2019.03.17-10.08.59:949][301]PIE: Play in editor start time for /Game/UEDPIE_0_TestMap 0,794
[2019.03.17-10.09.04:755][874]LogSlate: Updating window title bar state: overlay mode, drag disabled, window buttons hidden, title bar hidden
[2019.03.17-10.09.04:794][874]LogPlayLevel: Display: Shutting down PIE online subsystems
[2019.03.17-10.09.04:819][874]LogSlate: Updating window title bar state: overlay mode, drag disabled, window buttons hidden, title bar hidden
[2019.03.17-10.09.04:882][876]LogPlayLevel: Display: Destroying online subsystem :Context_4
[2019.03.17-10.09.08:038][249]LogSlate: FSceneViewport::OnFocusLost() reason 0
[2019.03.17-10.09.19:965][645]LogEditorActor: Deleted Actor: BP_Unit_C
[2019.03.17-10.09.19:966][645]LogEditorActor: Deleted Actor: BP_Unit_C
[2019.03.17-10.09.19:968][645]LogEditorActor: Deleted Actor: BP_Unit_C
[2019.03.17-10.09.19:969][645]LogEditorActor: Deleted Actor: BP_Unit_C
[2019.03.17-10.09.19:992][645]LogEditorActor: Deleted 4 Actors (0.057 secs)
[2019.03.17-10.09.21:992][866]LogTemp: Repeating last play command: Selected Viewport
[2019.03.17-10.09.22:004][866]LogPlayLevel: PlayLevel: No blueprints needed recompiling
[2019.03.17-10.09.22:004][866]PIE: New page: PIE session: TestMap (17/3/2019 12:09:22)
[2019.03.17-10.09.22:004][866]LogPlayLevel: Creating play world package: /Game/UEDPIE_0_TestMap
[2019.03.17-10.09.22:008][866]LogPlayLevel: PIE: StaticDuplicateObject took: (0.003543s)
[2019.03.17-10.09.22:009][866]LogAIModule: Creating AISystem for world TestMap
[2019.03.17-10.09.22:009][866]LogPlayLevel: PIE: World Init took: (0.000990s)
[2019.03.17-10.09.22:009][866]LogPlayLevel: PIE: Created PIE world by copying editor world from /Game/TestMap.TestMap to /Game/UEDPIE_0_TestMap.TestMap (0.004996s)
[2019.03.17-10.09.22:035][866]LogInit: XAudio2 using 'Philips FTV (NVIDIA High Definition Audio)' : 2 channels at 48 kHz using 16 bits per sample (channel mask 0x3)
[2019.03.17-10.09.22:046][866]LogInit: FAudioDevice initialized.
[2019.03.17-10.09.22:084][866]LogLoad: Game class is 'GameModeBase'
[2019.03.17-10.09.22:087][866]LogWorld: Bringing World /Game/UEDPIE_0_TestMap.TestMap up for play (max tick rate 0) at 2019.03.17-11.09.22
[2019.03.17-10.09.22:087][866]LogWorld: Bringing up level for play took: 0.001498
[2019.03.17-10.09.22:102][866]PIE: Play in editor start time for /Game/UEDPIE_0_TestMap 0,946
[2019.03.17-10.09.33:908][279]LogSlate: Updating window title bar state: overlay mode, drag disabled, window buttons hidden, title bar hidden
[2019.03.17-10.09.33:950][279]LogPlayLevel: Display: Shutting down PIE online subsystems
[2019.03.17-10.09.33:973][279]LogSlate: Updating window title bar state: overlay mode, drag disabled, window buttons hidden, title bar hidden
[2019.03.17-10.09.34:013][281]LogPlayLevel: Display: Destroying online subsystem :Context_5
[2019.03.17-10.09.37:437][673]LogSlate: FSceneViewport::OnFocusLost() reason 0
[2019.03.17-10.09.39:120][870]LogEditorActor: Deleted Actor: BP_Unit_C
[2019.03.17-10.09.39:142][870]LogEditorActor: Deleted 1 Actors (0.024 secs)
[2019.03.17-10.10.28:090][371]Candidate modules for hot reload:
[2019.03.17-10.10.28:091][371]  RTSProject
[2019.03.17-10.10.28:091][371]Launching UnrealBuildTool... [C:/Program Files/Epic Games/UE_4.20/Engine/Binaries/DotNET/UnrealBuildTool.exe  -ModuleWithSuffix=RTSProject,2475 Win64 Development -TargetType=Editor -Project="../../../../../../Users/derek/Desktop/GAME_DEV/RTS_Project/RTSProject/RTSProject.uproject" -canskiplink "C:/Users/derek/Desktop/GAME_DEV/RTS_Project/RTSProject/RTSProject.uproject" ]
[2019.03.17-10.10.28:095][371]Warning: Starting HotReload took  0.0s.
[2019.03.17-10.10.48:020][717]CompilerResultsLog: New page: Compilation - 17/3/2019 12:10:48
[2019.03.17-10.10.48:020][717]CompilerResultsLog: Using 'git status' to determine working set for adaptive non-unity build.
[2019.03.17-10.10.48:020][717]CompilerResultsLog: Compiling game modules for hot reload
[2019.03.17-10.10.48:020][717]CompilerResultsLog: Building 3 actions with 4 processes...
[2019.03.17-10.10.48:020][717]CompilerResultsLog:   Unit.cpp
[2019.03.17-10.10.48:020][717]CompilerResultsLog:   c:\users\derek\desktop\game_dev\rts_project\rtsproject\source\rtsproject\public\UnitAIController.h(17): warning C4996: 'AAIController::OnMoveCompleted': This function is now deprecated, please use version with EPathFollowingResultDetails parameter. Please update your code to the new API before upgrading to the next release, otherwise your project will no longer compile.
[2019.03.17-10.10.48:020][717]CompilerResultsLog:   C:\Program Files\Epic Games\UE_4.20\Engine\Source\Runtime\AIModule\Classes\AIController.h(231): note: see declaration of 'AAIController::OnMoveCompleted'
[2019.03.17-10.10.48:021][717]CompilerResultsLog:   UE4Editor-RTSProject-2475.lib
[2019.03.17-10.10.48:021][717]CompilerResultsLog:      Creating library C:\Users\derek\Desktop\GAME_DEV\RTS_Project\RTSProject\Intermediate\Build\Win64\UE4Editor\Development\RTSProject\UE4Editor-RTSProject-2475.lib and object C:\Users\derek\Desktop\GAME_DEV\RTS_Project\RTSProject\Intermediate\Build\Win64\UE4Editor\Development\RTSProject\UE4Editor-RTSProject-2475.exp
[2019.03.17-10.10.48:021][717]CompilerResultsLog:   UE4Editor-RTSProject-2475.dll
[2019.03.17-10.10.48:021][717]CompilerResultsLog:      Creating library C:\Users\derek\Desktop\GAME_DEV\RTS_Project\RTSProject\Intermediate\Build\Win64\UE4Editor\Development\RTSProject\UE4Editor-RTSProject-2475.suppressed.lib and object C:\Users\derek\Desktop\GAME_DEV\RTS_Project\RTSProject\Intermediate\Build\Win64\UE4Editor\Development\RTSProject\UE4Editor-RTSProject-2475.suppressed.exp
[2019.03.17-10.10.48:022][717]CompilerResultsLog: Total build time: 19,63 seconds (Parallel executor: 17,26 seconds)
[2019.03.17-10.10.48:022][717]LogMainFrame: MainFrame: Module compiling took 19.935 seconds
[2019.03.17-10.10.48:057][717]LogContentBrowser: Native class hierarchy updated for 'RTSProject' in 0.0005 seconds. Added 3 classes and 3 folders.
[2019.03.17-10.10.48:060][717]Display: HotReload successful (1 functions remapped  0 scriptstructs remapped)
[2019.03.17-10.10.48:148][717]LogContentBrowser: Native class hierarchy populated in 0.0083 seconds. Added 2576 classes and 608 folders.
[2019.03.17-10.10.48:148][717]Display: HotReload took 20.1s.
[2019.03.17-10.10.50:448][981]LogTemp: Repeating last play command: Selected Viewport
[2019.03.17-10.10.50:460][981]LogPlayLevel: PlayLevel: No blueprints needed recompiling
[2019.03.17-10.10.50:460][981]PIE: New page: PIE session: TestMap (17/3/2019 12:10:50)
[2019.03.17-10.10.50:460][981]LogPlayLevel: Creating play world package: /Game/UEDPIE_0_TestMap
[2019.03.17-10.10.50:464][981]LogPlayLevel: PIE: StaticDuplicateObject took: (0.003329s)
[2019.03.17-10.10.50:465][981]LogAIModule: Creating AISystem for world TestMap
[2019.03.17-10.10.50:465][981]LogPlayLevel: PIE: World Init took: (0.001019s)
[2019.03.17-10.10.50:465][981]LogPlayLevel: PIE: Created PIE world by copying editor world from /Game/TestMap.TestMap to /Game/UEDPIE_0_TestMap.TestMap (0.004966s)
[2019.03.17-10.10.50:490][981]LogInit: XAudio2 using 'Philips FTV (NVIDIA High Definition Audio)' : 2 channels at 48 kHz using 16 bits per sample (channel mask 0x3)
[2019.03.17-10.10.50:501][981]LogInit: FAudioDevice initialized.
[2019.03.17-10.10.50:537][981]LogLoad: Game class is 'GameModeBase'
[2019.03.17-10.10.50:539][981]LogWorld: Bringing World /Game/UEDPIE_0_TestMap.TestMap up for play (max tick rate 0) at 2019.03.17-11.10.50
[2019.03.17-10.10.50:539][981]LogWorld: Bringing up level for play took: 0.001277
[2019.03.17-10.10.50:553][981]PIE: Play in editor start time for /Game/UEDPIE_0_TestMap -0,602
[2019.03.17-10.10.58:979][983]LogSlate: Updating window title bar state: overlay mode, drag disabled, window buttons hidden, title bar hidden
[2019.03.17-10.10.59:017][983]LogPlayLevel: Display: Shutting down PIE online subsystems
[2019.03.17-10.10.59:040][983]LogSlate: Updating window title bar state: overlay mode, drag disabled, window buttons hidden, title bar hidden
[2019.03.17-10.10.59:080][985]LogPlayLevel: Display: Destroying online subsystem :Context_6
[2019.03.17-10.11.52:931][563]LogSlate: FSceneViewport::OnFocusLost() reason 0
[2019.03.17-10.11.53:049][576]Candidate modules for hot reload:
[2019.03.17-10.11.53:049][576]  RTSProject
[2019.03.17-10.11.53:049][576]Launching UnrealBuildTool... [C:/Program Files/Epic Games/UE_4.20/Engine/Binaries/DotNET/UnrealBuildTool.exe  -ModuleWithSuffix=RTSProject,2717 Win64 Development -TargetType=Editor -Project="../../../../../../Users/derek/Desktop/GAME_DEV/RTS_Project/RTSProject/RTSProject.uproject" -canskiplink "C:/Users/derek/Desktop/GAME_DEV/RTS_Project/RTSProject/RTSProject.uproject" ]
[2019.03.17-10.11.53:052][576]Warning: Starting HotReload took  0.0s.
[2019.03.17-10.12.12:778][888]CompilerResultsLog: New page: Compilation - 17/3/2019 12:12:12
[2019.03.17-10.12.12:778][888]CompilerResultsLog: Using 'git status' to determine working set for adaptive non-unity build.
[2019.03.17-10.12.12:778][888]CompilerResultsLog: Compiling game modules for hot reload
[2019.03.17-10.12.12:778][888]CompilerResultsLog: Building 3 actions with 4 processes...
[2019.03.17-10.12.12:778][888]CompilerResultsLog:   Unit.cpp
[2019.03.17-10.12.12:778][888]CompilerResultsLog:   c:\users\derek\desktop\game_dev\rts_project\rtsproject\source\rtsproject\public\UnitAIController.h(17): warning C4996: 'AAIController::OnMoveCompleted': This function is now deprecated, please use version with EPathFollowingResultDetails parameter. Please update your code to the new API before upgrading to the next release, otherwise your project will no longer compile.
[2019.03.17-10.12.12:778][888]CompilerResultsLog:   C:\Program Files\Epic Games\UE_4.20\Engine\Source\Runtime\AIModule\Classes\AIController.h(231): note: see declaration of 'AAIController::OnMoveCompleted'
[2019.03.17-10.12.12:779][888]CompilerResultsLog:   UE4Editor-RTSProject-2717.lib
[2019.03.17-10.12.12:779][888]CompilerResultsLog:      Creating library C:\Users\derek\Desktop\GAME_DEV\RTS_Project\RTSProject\Intermediate\Build\Win64\UE4Editor\Development\RTSProject\UE4Editor-RTSProject-2717.lib and object C:\Users\derek\Desktop\GAME_DEV\RTS_Project\RTSProject\Intermediate\Build\Win64\UE4Editor\Development\RTSProject\UE4Editor-RTSProject-2717.exp
[2019.03.17-10.12.12:779][888]CompilerResultsLog:   UE4Editor-RTSProject-2717.dll
[2019.03.17-10.12.12:779][888]CompilerResultsLog:      Creating library C:\Users\derek\Desktop\GAME_DEV\RTS_Project\RTSProject\Intermediate\Build\Win64\UE4Editor\Development\RTSProject\UE4Editor-RTSProject-2717.suppressed.lib and object C:\Users\derek\Desktop\GAME_DEV\RTS_Project\RTSProject\Intermediate\Build\Win64\UE4Editor\Development\RTSProject\UE4Editor-RTSProject-2717.suppressed.exp
[2019.03.17-10.12.12:779][888]CompilerResultsLog: Total build time: 19,46 seconds (Parallel executor: 17,05 seconds)
[2019.03.17-10.12.12:779][888]LogMainFrame: MainFrame: Module compiling took 19.734 seconds
[2019.03.17-10.12.12:813][888]LogContentBrowser: Native class hierarchy updated for 'RTSProject' in 0.0005 seconds. Added 3 classes and 3 folders.
[2019.03.17-10.12.12:815][888]Display: HotReload successful (1 functions remapped  0 scriptstructs remapped)
[2019.03.17-10.12.12:867][888]LogContentBrowser: Native class hierarchy populated in 0.0084 seconds. Added 2576 classes and 608 folders.
[2019.03.17-10.12.12:867][888]Display: HotReload took 19.8s.
[2019.03.17-10.12.16:145][264]LogTemp: Repeating last play command: Selected Viewport
[2019.03.17-10.12.16:157][264]LogPlayLevel: PlayLevel: No blueprints needed recompiling
[2019.03.17-10.12.16:157][264]PIE: New page: PIE session: TestMap (17/3/2019 12:12:16)
[2019.03.17-10.12.16:157][264]LogPlayLevel: Creating play world package: /Game/UEDPIE_0_TestMap
[2019.03.17-10.12.16:161][264]LogPlayLevel: PIE: StaticDuplicateObject took: (0.003413s)
[2019.03.17-10.12.16:162][264]LogAIModule: Creating AISystem for world TestMap
[2019.03.17-10.12.16:162][264]LogPlayLevel: PIE: World Init took: (0.001042s)
[2019.03.17-10.12.16:162][264]LogPlayLevel: PIE: Created PIE world by copying editor world from /Game/TestMap.TestMap to /Game/UEDPIE_0_TestMap.TestMap (0.004921s)
[2019.03.17-10.12.16:188][264]LogInit: XAudio2 using 'Philips FTV (NVIDIA High Definition Audio)' : 2 channels at 48 kHz using 16 bits per sample (channel mask 0x3)
[2019.03.17-10.12.16:199][264]LogInit: FAudioDevice initialized.
[2019.03.17-10.12.16:236][264]LogLoad: Game class is 'GameModeBase'
[2019.03.17-10.12.16:238][264]LogWorld: Bringing World /Game/UEDPIE_0_TestMap.TestMap up for play (max tick rate 0) at 2019.03.17-11.12.16
[2019.03.17-10.12.16:238][264]LogWorld: Bringing up level for play took: 0.001165
[2019.03.17-10.12.16:253][264]PIE: Play in editor start time for /Game/UEDPIE_0_TestMap -0,903
[2019.03.17-10.12.42:483][394]LogSlate: Updating window title bar state: overlay mode, drag disabled, window buttons hidden, title bar hidden
[2019.03.17-10.12.42:522][394]LogPlayLevel: Display: Shutting down PIE online subsystems
[2019.03.17-10.12.42:546][394]LogSlate: Updating window title bar state: overlay mode, drag disabled, window buttons hidden, title bar hidden
[2019.03.17-10.12.42:586][396]LogPlayLevel: Display: Destroying online subsystem :Context_7
[2019.03.17-10.12.44:696][648]LogSlate: FSceneViewport::OnFocusLost() reason 0
[2019.03.17-10.12.48:949][129]Cmd: EDIT CUT
[2019.03.17-10.12.49:219][129]LogEditorActor: Deleted Actor: BP_Unit_C
[2019.03.17-10.12.49:260][129]LogEditorActor: Deleted 1 Actors (0.045 secs)
[2019.03.17-10.12.50:761][292]Cmd: TRANSACTION UNDO
[2019.03.17-10.12.50:761][292]LogEditorTransaction: Undo Cut
[2019.03.17-10.12.55:610][817]Cmd: EDIT COPY
[2019.03.17-10.12.55:827][843]Cmd: EDIT PASTE
[2019.03.17-10.12.57:312][  8]Cmd: EDIT PASTE
[2019.03.17-10.12.57:489][ 23]Cmd: EDIT PASTE
[2019.03.17-10.12.59:443][221]LogTemp: Repeating last play command: Selected Viewport
[2019.03.17-10.12.59:455][221]LogPlayLevel: PlayLevel: No blueprints needed recompiling
[2019.03.17-10.12.59:455][221]PIE: New page: PIE session: TestMap (17/3/2019 12:12:59)
[2019.03.17-10.12.59:455][221]LogPlayLevel: Creating play world package: /Game/UEDPIE_0_TestMap
[2019.03.17-10.12.59:460][221]LogPlayLevel: PIE: StaticDuplicateObject took: (0.004441s)
[2019.03.17-10.12.59:461][221]LogAIModule: Creating AISystem for world TestMap
[2019.03.17-10.12.59:461][221]LogPlayLevel: PIE: World Init took: (0.001470s)
[2019.03.17-10.12.59:462][221]LogPlayLevel: PIE: Created PIE world by copying editor world from /Game/TestMap.TestMap to /Game/UEDPIE_0_TestMap.TestMap (0.006469s)
[2019.03.17-10.12.59:489][221]LogInit: XAudio2 using 'Philips FTV (NVIDIA High Definition Audio)' : 2 channels at 48 kHz using 16 bits per sample (channel mask 0x3)
[2019.03.17-10.12.59:501][221]LogInit: FAudioDevice initialized.
[2019.03.17-10.12.59:537][221]LogLoad: Game class is 'GameModeBase'
[2019.03.17-10.12.59:538][221]LogWorld: Bringing World /Game/UEDPIE_0_TestMap.TestMap up for play (max tick rate 0) at 2019.03.17-11.12.59
[2019.03.17-10.12.59:556][221]LogWorld: Bringing up level for play took: 0.018603
[2019.03.17-10.12.59:571][221]PIE: Play in editor start time for /Game/UEDPIE_0_TestMap 0,415
[2019.03.17-10.13.00:302][287]LogCharacterMovement: Warning: GetSimulationTimeStep() - Max iterations 8 hit while remaining time 0.138063 > MaxSimulationTimeStep (0.050) for 'BP_Unit4', movement 'Walking'
[2019.03.17-10.15.54:228][144]LogSlate: Updating window title bar state: overlay mode, drag disabled, window buttons hidden, title bar hidden
[2019.03.17-10.15.54:267][144]LogPlayLevel: Display: Shutting down PIE online subsystems
[2019.03.17-10.15.54:291][144]LogSlate: Updating window title bar state: overlay mode, drag disabled, window buttons hidden, title bar hidden
[2019.03.17-10.15.54:333][146]LogPlayLevel: Display: Destroying online subsystem :Context_8
[2019.03.17-10.21.59:406][784]LogSlate: FSceneViewport::OnFocusLost() reason 2
[2019.03.17-10.22.00:639][895]Candidate modules for hot reload:
[2019.03.17-10.22.00:639][895]  RTSProject
[2019.03.17-10.22.00:639][895]Launching UnrealBuildTool... [C:/Program Files/Epic Games/UE_4.20/Engine/Binaries/DotNET/UnrealBuildTool.exe  -ModuleWithSuffix=RTSProject,5458 Win64 Development -TargetType=Editor -Project="../../../../../../Users/derek/Desktop/GAME_DEV/RTS_Project/RTSProject/RTSProject.uproject" -canskiplink "C:/Users/derek/Desktop/GAME_DEV/RTS_Project/RTSProject/RTSProject.uproject" ]
[2019.03.17-10.22.00:643][895]Warning: Starting HotReload took  0.0s.
[2019.03.17-10.22.21:297][329]CompilerResultsLog: New page: Compilation - 17/3/2019 12:22:21
[2019.03.17-10.22.21:297][329]CompilerResultsLog: Using 'git status' to determine working set for adaptive non-unity build.
[2019.03.17-10.22.21:297][329]CompilerResultsLog: Compiling game modules for hot reload
[2019.03.17-10.22.21:297][329]CompilerResultsLog: Building 3 actions with 4 processes...
[2019.03.17-10.22.21:297][329]CompilerResultsLog:   Unit.cpp
[2019.03.17-10.22.21:298][329]CompilerResultsLog:   c:\users\derek\desktop\game_dev\rts_project\rtsproject\source\rtsproject\public\UnitAIController.h(17): warning C4996: 'AAIController::OnMoveCompleted': This function is now deprecated, please use version with EPathFollowingResultDetails parameter. Please update your code to the new API before upgrading to the next release, otherwise your project will no longer compile.
[2019.03.17-10.22.21:298][329]CompilerResultsLog:   C:\Program Files\Epic Games\UE_4.20\Engine\Source\Runtime\AIModule\Classes\AIController.h(231): note: see declaration of 'AAIController::OnMoveCompleted'
[2019.03.17-10.22.21:298][329]CompilerResultsLog:   UE4Editor-RTSProject-5458.lib
[2019.03.17-10.22.21:298][329]CompilerResultsLog:      Creating library C:\Users\derek\Desktop\GAME_DEV\RTS_Project\RTSProject\Intermediate\Build\Win64\UE4Editor\Development\RTSProject\UE4Editor-RTSProject-5458.lib and object C:\Users\derek\Desktop\GAME_DEV\RTS_Project\RTSProject\Intermediate\Build\Win64\UE4Editor\Development\RTSProject\UE4Editor-RTSProject-5458.exp
[2019.03.17-10.22.21:298][329]CompilerResultsLog:   UE4Editor-RTSProject-5458.dll
[2019.03.17-10.22.21:298][329]CompilerResultsLog:      Creating library C:\Users\derek\Desktop\GAME_DEV\RTS_Project\RTSProject\Intermediate\Build\Win64\UE4Editor\Development\RTSProject\UE4Editor-RTSProject-5458.suppressed.lib and object C:\Users\derek\Desktop\GAME_DEV\RTS_Project\RTSProject\Intermediate\Build\Win64\UE4Editor\Development\RTSProject\UE4Editor-RTSProject-5458.suppressed.exp
[2019.03.17-10.22.21:298][329]CompilerResultsLog: Total build time: 20,37 seconds (Parallel executor: 18,00 seconds)
[2019.03.17-10.22.21:298][329]LogMainFrame: MainFrame: Module compiling took 20.664 seconds
[2019.03.17-10.22.21:334][329]LogContentBrowser: Native class hierarchy updated for 'RTSProject' in 0.0005 seconds. Added 3 classes and 3 folders.
[2019.03.17-10.22.21:336][329]Display: HotReload successful (1 functions remapped  0 scriptstructs remapped)
[2019.03.17-10.22.21:387][329]LogContentBrowser: Native class hierarchy populated in 0.0085 seconds. Added 2576 classes and 608 folders.
[2019.03.17-10.22.21:387][329]Display: HotReload took 20.8s.
[2019.03.17-10.22.24:302][661]LogTemp: Repeating last play command: Selected Viewport
[2019.03.17-10.22.24:314][661]LogPlayLevel: PlayLevel: No blueprints needed recompiling
[2019.03.17-10.22.24:314][661]PIE: New page: PIE session: TestMap (17/3/2019 12:22:24)
[2019.03.17-10.22.24:314][661]LogPlayLevel: Creating play world package: /Game/UEDPIE_0_TestMap
[2019.03.17-10.22.24:318][661]LogPlayLevel: PIE: StaticDuplicateObject took: (0.003950s)
[2019.03.17-10.22.24:319][661]LogAIModule: Creating AISystem for world TestMap
[2019.03.17-10.22.24:320][661]LogPlayLevel: PIE: World Init took: (0.000984s)
[2019.03.17-10.22.24:320][661]LogPlayLevel: PIE: Created PIE world by copying editor world from /Game/TestMap.TestMap to /Game/UEDPIE_0_TestMap.TestMap (0.005442s)
[2019.03.17-10.22.24:346][661]LogInit: XAudio2 using 'Philips FTV (NVIDIA High Definition Audio)' : 2 channels at 48 kHz using 16 bits per sample (channel mask 0x3)
[2019.03.17-10.22.24:357][661]LogInit: FAudioDevice initialized.
[2019.03.17-10.22.24:391][661]LogLoad: Game class is 'GameModeBase'
[2019.03.17-10.22.24:393][661]LogWorld: Bringing World /Game/UEDPIE_0_TestMap.TestMap up for play (max tick rate 0) at 2019.03.17-11.22.24
[2019.03.17-10.22.24:394][661]LogWorld: Bringing up level for play took: 0.001808
[2019.03.17-10.22.24:408][661]PIE: Play in editor start time for /Game/UEDPIE_0_TestMap -0,746
[2019.03.17-10.23.00:329][958]LogSlate: Updating window title bar state: overlay mode, drag disabled, window buttons hidden, title bar hidden
[2019.03.17-10.23.00:371][958]LogPlayLevel: Display: Shutting down PIE online subsystems
[2019.03.17-10.23.00:394][958]LogSlate: Updating window title bar state: overlay mode, drag disabled, window buttons hidden, title bar hidden
[2019.03.17-10.23.00:435][960]LogPlayLevel: Display: Destroying online subsystem :Context_9
[2019.03.17-10.23.11:716][247]LogSlate: FSceneViewport::OnFocusLost() reason 2
[2019.03.17-10.23.13:301][393]LogTemp: Repeating last play command: Selected Viewport
[2019.03.17-10.23.13:312][393]LogPlayLevel: PlayLevel: No blueprints needed recompiling
[2019.03.17-10.23.13:313][393]PIE: New page: PIE session: TestMap (17/3/2019 12:23:13)
[2019.03.17-10.23.13:313][393]LogPlayLevel: Creating play world package: /Game/UEDPIE_0_TestMap
[2019.03.17-10.23.13:317][393]LogPlayLevel: PIE: StaticDuplicateObject took: (0.003884s)
[2019.03.17-10.23.13:318][393]LogAIModule: Creating AISystem for world TestMap
[2019.03.17-10.23.13:318][393]LogPlayLevel: PIE: World Init took: (0.000857s)
[2019.03.17-10.23.13:318][393]LogPlayLevel: PIE: Created PIE world by copying editor world from /Game/TestMap.TestMap to /Game/UEDPIE_0_TestMap.TestMap (0.005180s)
[2019.03.17-10.23.13:344][393]LogInit: XAudio2 using 'Philips FTV (NVIDIA High Definition Audio)' : 2 channels at 48 kHz using 16 bits per sample (channel mask 0x3)
[2019.03.17-10.23.13:355][393]LogInit: FAudioDevice initialized.
[2019.03.17-10.23.13:390][393]LogLoad: Game class is 'GameModeBase'
[2019.03.17-10.23.13:392][393]LogWorld: Bringing World /Game/UEDPIE_0_TestMap.TestMap up for play (max tick rate 0) at 2019.03.17-11.23.13
[2019.03.17-10.23.13:393][393]LogWorld: Bringing up level for play took: 0.001814
[2019.03.17-10.23.13:406][393]PIE: Play in editor start time for /Game/UEDPIE_0_TestMap 0,251
[2019.03.17-10.23.15:436][616]LogSlate: Updating window title bar state: overlay mode, drag disabled, window buttons hidden, title bar hidden
[2019.03.17-10.23.15:478][616]LogPlayLevel: Display: Shutting down PIE online subsystems
[2019.03.17-10.23.15:502][616]LogSlate: Updating window title bar state: overlay mode, drag disabled, window buttons hidden, title bar hidden
[2019.03.17-10.23.15:554][618]LogPlayLevel: Display: Destroying online subsystem :Context_10
[2019.03.17-10.23.16:545][730]Candidate modules for hot reload:
[2019.03.17-10.23.16:545][730]  RTSProject
[2019.03.17-10.23.16:545][730]Launching UnrealBuildTool... [C:/Program Files/Epic Games/UE_4.20/Engine/Binaries/DotNET/UnrealBuildTool.exe  -ModuleWithSuffix=RTSProject,2609 Win64 Development -TargetType=Editor -Project="../../../../../../Users/derek/Desktop/GAME_DEV/RTS_Project/RTSProject/RTSProject.uproject" -canskiplink "C:/Users/derek/Desktop/GAME_DEV/RTS_Project/RTSProject/RTSProject.uproject" ]
[2019.03.17-10.23.16:549][730]Warning: Starting HotReload took  0.0s.
[2019.03.17-10.23.35:644][919]CompilerResultsLog: New page: Compilation - 17/3/2019 12:23:35
[2019.03.17-10.23.35:645][919]CompilerResultsLog: Using 'git status' to determine working set for adaptive non-unity build.
[2019.03.17-10.23.35:645][919]CompilerResultsLog: Compiling game modules for hot reload
[2019.03.17-10.23.35:645][919]CompilerResultsLog: Building 3 actions with 4 processes...
[2019.03.17-10.23.35:645][919]CompilerResultsLog:   Unit.cpp
[2019.03.17-10.23.35:645][919]CompilerResultsLog:   c:\users\derek\desktop\game_dev\rts_project\rtsproject\source\rtsproject\public\UnitAIController.h(17): warning C4996: 'AAIController::OnMoveCompleted': This function is now deprecated, please use version with EPathFollowingResultDetails parameter. Please update your code to the new API before upgrading to the next release, otherwise your project will no longer compile.
[2019.03.17-10.23.35:645][919]CompilerResultsLog:   C:\Program Files\Epic Games\UE_4.20\Engine\Source\Runtime\AIModule\Classes\AIController.h(231): note: see declaration of 'AAIController::OnMoveCompleted'
[2019.03.17-10.23.35:645][919]CompilerResultsLog:   UE4Editor-RTSProject-2609.lib
[2019.03.17-10.23.35:646][919]CompilerResultsLog:      Creating library C:\Users\derek\Desktop\GAME_DEV\RTS_Project\RTSProject\Intermediate\Build\Win64\UE4Editor\Development\RTSProject\UE4Editor-RTSProject-2609.lib and object C:\Users\derek\Desktop\GAME_DEV\RTS_Project\RTSProject\Intermediate\Build\Win64\UE4Editor\Development\RTSProject\UE4Editor-RTSProject-2609.exp
[2019.03.17-10.23.35:646][919]CompilerResultsLog:   UE4Editor-RTSProject-2609.dll
[2019.03.17-10.23.35:646][919]CompilerResultsLog:      Creating library C:\Users\derek\Desktop\GAME_DEV\RTS_Project\RTSProject\Intermediate\Build\Win64\UE4Editor\Development\RTSProject\UE4Editor-RTSProject-2609.suppressed.lib and object C:\Users\derek\Desktop\GAME_DEV\RTS_Project\RTSProject\Intermediate\Build\Win64\UE4Editor\Development\RTSProject\UE4Editor-RTSProject-2609.suppressed.exp
[2019.03.17-10.23.35:646][919]CompilerResultsLog: Total build time: 18,77 seconds (Parallel executor: 16,39 seconds)
[2019.03.17-10.23.35:646][919]LogMainFrame: MainFrame: Module compiling took 19.105 seconds
[2019.03.17-10.23.35:681][919]LogContentBrowser: Native class hierarchy updated for 'RTSProject' in 0.0007 seconds. Added 3 classes and 3 folders.
[2019.03.17-10.23.35:684][919]Display: HotReload successful (1 functions remapped  0 scriptstructs remapped)
[2019.03.17-10.23.35:737][919]LogContentBrowser: Native class hierarchy populated in 0.0084 seconds. Added 2576 classes and 608 folders.
[2019.03.17-10.23.35:738][919]Display: HotReload took 19.2s.
[2019.03.17-10.23.38:480][227]LogTemp: Repeating last play command: Selected Viewport
[2019.03.17-10.23.38:491][227]LogPlayLevel: PlayLevel: No blueprints needed recompiling
[2019.03.17-10.23.38:492][227]PIE: New page: PIE session: TestMap (17/3/2019 12:23:38)
[2019.03.17-10.23.38:492][227]LogPlayLevel: Creating play world package: /Game/UEDPIE_0_TestMap
[2019.03.17-10.23.38:496][227]LogPlayLevel: PIE: StaticDuplicateObject took: (0.003988s)
[2019.03.17-10.23.38:497][227]LogAIModule: Creating AISystem for world TestMap
[2019.03.17-10.23.38:497][227]LogPlayLevel: PIE: World Init took: (0.000969s)
[2019.03.17-10.23.38:497][227]LogPlayLevel: PIE: Created PIE world by copying editor world from /Game/TestMap.TestMap to /Game/UEDPIE_0_TestMap.TestMap (0.005329s)
[2019.03.17-10.23.38:524][227]LogInit: XAudio2 using 'Philips FTV (NVIDIA High Definition Audio)' : 2 channels at 48 kHz using 16 bits per sample (channel mask 0x3)
[2019.03.17-10.23.38:534][227]LogInit: FAudioDevice initialized.
[2019.03.17-10.23.38:572][227]LogLoad: Game class is 'GameModeBase'
[2019.03.17-10.23.38:574][227]LogWorld: Bringing World /Game/UEDPIE_0_TestMap.TestMap up for play (max tick rate 0) at 2019.03.17-11.23.38
[2019.03.17-10.23.38:575][227]LogWorld: Bringing up level for play took: 0.001914
[2019.03.17-10.23.38:588][227]PIE: Play in editor start time for /Game/UEDPIE_0_TestMap -0,567
[2019.03.17-10.24.11:870][202]LogSlate: FSceneViewport::OnFocusLost() reason 2
[2019.03.17-10.24.15:760][605]LogEditorViewport: Clicking on Actor (LMB): StaticMeshActor (Floor)
[2019.03.17-10.24.18:331][861]LogSlate: FSceneViewport::OnFocusLost() reason 0
[2019.03.17-10.24.53:864][ 69]LogSlate: Updating window title bar state: overlay mode, drag disabled, window buttons hidden, title bar hidden
[2019.03.17-10.24.53:903][ 69]LogPlayLevel: Display: Shutting down PIE online subsystems
[2019.03.17-10.24.53:927][ 69]LogSlate: Updating window title bar state: overlay mode, drag disabled, window buttons hidden, title bar hidden
[2019.03.17-10.24.53:964][ 72]LogPlayLevel: Display: Destroying online subsystem :Context_11
[2019.03.17-10.24.55:540][228]LogAssetEditorManager: Opening Asset editor for Blueprint /Game/BP_Unit.BP_Unit
[2019.03.17-10.24.55:988][228]LogContentBrowser: Native class hierarchy updated for 'BlueprintGraph' in 0.0008 seconds. Added 116 classes and 0 folders.
[2019.03.17-10.24.56:788][228]LogSlate: Took 0.000170 seconds to synchronously load lazily loaded font '../../../Engine/Content/Slate/Fonts/Roboto-BoldCondensed.ttf' (158K)
[2019.03.17-10.24.59:924][569]LogSlate: Took 0.000302 seconds to synchronously load lazily loaded font '../../../Engine/Content/Slate/Fonts/Roboto-Italic.ttf' (157K)
[2019.03.17-10.25.04:033][968]LogSavePackage: Moving '../../../../../../Users/derek/Desktop/GAME_DEV/RTS_Project/RTSProject/Saved/TestMap_Auto1CFF04C6F49FDC652F254EFBFB19CE8C3.tmp' to '../../../../../../Users/derek/Desktop/GAME_DEV/RTS_Project/RTSProject/Saved/Autosaves/Game/TestMap_Auto1.umap'
[2019.03.17-10.25.04:037][968]LogFileHelpers: Editor autosave (incl. sublevels) for '/Game/TestMap' took 0.107
[2019.03.17-10.25.04:037][968]LogFileHelpers: Editor autosave (incl. sublevels) for all levels took 0.107
[2019.03.17-10.25.08:144][374]LogSlate: FSceneViewport::OnFocusLost() reason 0
[2019.03.17-10.25.19:925][624]LogSlate: FSceneViewport::OnFocusLost() reason 0
[2019.03.17-10.25.29:493][680]LogSlate: FSceneViewport::OnFocusLost() reason 2
[2019.03.17-10.25.29:558][680]Cmd: OBJ SAVEPACKAGE PACKAGE="/Game/BP_Unit" FILE="../../../../../../Users/derek/Desktop/GAME_DEV/RTS_Project/RTSProject/Content/BP_Unit.uasset" SILENT=true
[2019.03.17-10.25.29:582][680]LogSavePackage: Moving '../../../../../../Users/derek/Desktop/GAME_DEV/RTS_Project/RTSProject/Saved/BP_UnitA61762484E1B21864CE1418808219ED0.tmp' to '../../../../../../Users/derek/Desktop/GAME_DEV/RTS_Project/RTSProject/Content/BP_Unit.uasset'
[2019.03.17-10.28.09:125][425]Candidate modules for hot reload:
[2019.03.17-10.28.09:125][425]  RTSProject
[2019.03.17-10.28.09:126][425]Launching UnrealBuildTool... [C:/Program Files/Epic Games/UE_4.20/Engine/Binaries/DotNET/UnrealBuildTool.exe  -ModuleWithSuffix=RTSProject,9973 Win64 Development -TargetType=Editor -Project="../../../../../../Users/derek/Desktop/GAME_DEV/RTS_Project/RTSProject/RTSProject.uproject" -canskiplink "C:/Users/derek/Desktop/GAME_DEV/RTS_Project/RTSProject/RTSProject.uproject" ]
[2019.03.17-10.28.09:129][425]Warning: Starting HotReload took  0.0s.
